


2015-07-19 21:30:16,473 [1] ERROR SchoolAccountant.DashBoard.cs  - Others

MongoDB.Driver.MongoConnectionException: Unable to connect to server localhost:27017: No connection could be made because the target machine actively refused it 127.0.0.1:27017. ---> System.Net.Sockets.SocketException: No connection could be made because the target machine actively refused it 127.0.0.1:27017
   at System.Net.Sockets.Socket.DoConnect(EndPoint endPointSnapshot, SocketAddress socketAddress)
   at System.Net.Sockets.Socket.Connect(EndPoint remoteEP)
   at System.Net.Sockets.TcpClient.Connect(IPEndPoint remoteEP)
   at MongoDB.Driver.Internal.MongoConnection.Open()
   at MongoDB.Driver.Internal.MongoConnection.SendMessage(BsonBuffer buffer, Int32 requestId)
   at MongoDB.Driver.Internal.MongoConnection.SendMessage(MongoRequestMessage message)
   at MongoDB.Driver.Operations.CommandOperation`1.Execute(MongoConnection connection)
   at MongoDB.Driver.MongoServerInstance.RunCommandAs[TCommandResult](MongoConnection connection, String databaseName, IMongoCommand command)
   at MongoDB.Driver.MongoServerInstance.Ping(MongoConnection connection)
   at MongoDB.Driver.MongoServerInstance.Connect()
   at MongoDB.Driver.Internal.DirectMongoServerProxy.Connect(TimeSpan timeout, ReadPreference readPreference)
   --- End of inner exception stack trace ---
   at MongoDB.Driver.Internal.DirectMongoServerProxy.Connect(TimeSpan timeout, ReadPreference readPreference)
   at MongoDB.Driver.Internal.DirectMongoServerProxy.ChooseServerInstance(ReadPreference readPreference)
   at MongoDB.Driver.MongoServer.AcquireConnection(ReadPreference readPreference)
   at MongoDB.Driver.MongoCollection.InsertBatch(Type nominalType, IEnumerable documents, MongoInsertOptions options)
   at MongoDB.Driver.MongoCollection.Insert(Type nominalType, Object document, MongoInsertOptions options)
   at MongoDB.Driver.MongoCollection.Insert(Type nominalType, Object document)
   at MongoDB.Driver.MongoCollection.Insert[TNominalType](TNominalType document)
   at MongoRepository.MongoRepository`2.Add(T entity)
   at BusinessLogic.Repositories.StudentRepository.AddStudent(Student student) in c:\Users\Oluwafemi\Documents\Visual Studio 2013\Projects\SchoolAccountant\BusinessLogic\Repositories\StudentRepository.cs:line 35



2015-07-19 21:32:43,015 [1] ERROR SchoolAccountant.DashBoard.cs  - Mongodb

MongoDB.Driver.MongoConnectionException: Unable to connect to server localhost:27017: No connection could be made because the target machine actively refused it 127.0.0.1:27017. ---> System.Net.Sockets.SocketException: No connection could be made because the target machine actively refused it 127.0.0.1:27017
   at System.Net.Sockets.Socket.DoConnect(EndPoint endPointSnapshot, SocketAddress socketAddress)
   at System.Net.Sockets.Socket.Connect(EndPoint remoteEP)
   at System.Net.Sockets.TcpClient.Connect(IPEndPoint remoteEP)
   at MongoDB.Driver.Internal.MongoConnection.Open()
   at MongoDB.Driver.Internal.MongoConnection.SendMessage(BsonBuffer buffer, Int32 requestId)
   at MongoDB.Driver.Internal.MongoConnection.SendMessage(MongoRequestMessage message)
   at MongoDB.Driver.Operations.CommandOperation`1.Execute(MongoConnection connection)
   at MongoDB.Driver.MongoServerInstance.RunCommandAs[TCommandResult](MongoConnection connection, String databaseName, IMongoCommand command)
   at MongoDB.Driver.MongoServerInstance.Ping(MongoConnection connection)
   at MongoDB.Driver.MongoServerInstance.Connect()
   at MongoDB.Driver.Internal.DirectMongoServerProxy.Connect(TimeSpan timeout, ReadPreference readPreference)
   --- End of inner exception stack trace ---
   at MongoDB.Driver.Internal.DirectMongoServerProxy.Connect(TimeSpan timeout, ReadPreference readPreference)
   at MongoDB.Driver.Internal.DirectMongoServerProxy.ChooseServerInstance(ReadPreference readPreference)
   at MongoDB.Driver.MongoServer.AcquireConnection(ReadPreference readPreference)
   at MongoDB.Driver.MongoCollection.InsertBatch(Type nominalType, IEnumerable documents, MongoInsertOptions options)
   at MongoDB.Driver.MongoCollection.Insert(Type nominalType, Object document, MongoInsertOptions options)
   at MongoDB.Driver.MongoCollection.Insert(Type nominalType, Object document)
   at MongoDB.Driver.MongoCollection.Insert[TNominalType](TNominalType document)
   at MongoRepository.MongoRepository`2.Add(T entity)
   at BusinessLogic.Repositories.StudentRepository.AddStudent(Student student) in c:\Users\Oluwafemi\Documents\Visual Studio 2013\Projects\SchoolAccountant\BusinessLogic\Repositories\StudentRepository.cs:line 35
2015-07-19 21:36:12,035 [1] ERROR SchoolAccountant.DashBoard.cs - Mongodb
MongoDB.Driver.MongoConnectionException: Unable to connect to server localhost:27017: No connection could be made because the target machine actively refused it 127.0.0.1:27017. ---> System.Net.Sockets.SocketException: No connection could be made because the target machine actively refused it 127.0.0.1:27017
   at System.Net.Sockets.Socket.DoConnect(EndPoint endPointSnapshot, SocketAddress socketAddress)
   at System.Net.Sockets.Socket.Connect(EndPoint remoteEP)
   at System.Net.Sockets.TcpClient.Connect(IPEndPoint remoteEP)
   at MongoDB.Driver.Internal.MongoConnection.Open()
   at MongoDB.Driver.Internal.MongoConnection.SendMessage(BsonBuffer buffer, Int32 requestId)
   at MongoDB.Driver.Internal.MongoConnection.SendMessage(MongoRequestMessage message)
   at MongoDB.Driver.Operations.CommandOperation`1.Execute(MongoConnection connection)
   at MongoDB.Driver.MongoServerInstance.RunCommandAs[TCommandResult](MongoConnection connection, String databaseName, IMongoCommand command)
   at MongoDB.Driver.MongoServerInstance.Ping(MongoConnection connection)
   at MongoDB.Driver.MongoServerInstance.Connect()
   at MongoDB.Driver.Internal.DirectMongoServerProxy.Connect(TimeSpan timeout, ReadPreference readPreference)
   --- End of inner exception stack trace ---
   at MongoDB.Driver.Internal.DirectMongoServerProxy.Connect(TimeSpan timeout, ReadPreference readPreference)
   at MongoDB.Driver.Internal.DirectMongoServerProxy.ChooseServerInstance(ReadPreference readPreference)
   at MongoDB.Driver.MongoServer.AcquireConnection(ReadPreference readPreference)
   at MongoDB.Driver.MongoCollection.InsertBatch(Type nominalType, IEnumerable documents, MongoInsertOptions options)
   at MongoDB.Driver.MongoCollection.Insert(Type nominalType, Object document, MongoInsertOptions options)
   at MongoDB.Driver.MongoCollection.Insert(Type nominalType, Object document)
   at MongoDB.Driver.MongoCollection.Insert[TNominalType](TNominalType document)
   at MongoRepository.MongoRepository`2.Add(T entity)
   at BusinessLogic.Repositories.StudentRepository.AddStudent(Student student) in c:\Users\Oluwafemi\Documents\Visual Studio 2013\Projects\SchoolAccountant\BusinessLogic\Repositories\StudentRepository.cs:line 35



2015-07-25 18:49:44,037 [1] INFO  BusinessLogic.StudentRepository.cs  - Student "Femi" "Olofintuyi"  Added




2015-07-25 19:26:19,138 [1] INFO  BusinessLogic.StudentRepository.cs  - Student "Faith" "Olofintuyi"  Added




2015-07-25 19:27:22,488 [1] INFO  BusinessLogic.StudentRepository.cs  - Student "Susanna" "Olofintuuyi"  Added




2015-07-25 19:27:56,265 [1] INFO  BusinessLogic.StudentRepository.cs  - Student "MaryJane" "Olofintuyi"  Added




2015-07-25 19:28:44,905 [1] INFO  BusinessLogic.StudentRepository.cs  - Student "Folake" "Olofintuyi"  Added




2015-08-02 13:31:06,583 [1] ERROR BusinessLogic.StudentRepository.cs  - Others

System.FormatException: Input string was not in a correct format.
   at System.Text.StringBuilder.AppendFormatHelper(IFormatProvider provider, String format, ParamsArray args)
   at System.String.FormatHelper(IFormatProvider provider, String format, ParamsArray args)
   at System.String.Format(String format, Object[] args)
   at BusinessLogic.Repositories.StudentRepository.Create(Student model) in C:\Freelance\SchoolAccountant\BusinessLogic\Repositories\StudentRepository.cs:line 64



2015-08-02 13:31:15,662 [1] ERROR BusinessLogic.StudentRepository.cs  - Others

System.FormatException: Input string was not in a correct format.
   at System.Text.StringBuilder.AppendFormatHelper(IFormatProvider provider, String format, ParamsArray args)
   at System.String.FormatHelper(IFormatProvider provider, String format, ParamsArray args)
   at System.String.Format(String format, Object[] args)
   at BusinessLogic.Repositories.StudentRepository.Create(Student model) in C:\Freelance\SchoolAccountant\BusinessLogic\Repositories\StudentRepository.cs:line 64



2015-08-02 13:32:50,020 [1] ERROR BusinessLogic.StudentRepository.cs  - Others

System.FormatException: Input string was not in a correct format.
   at System.Text.StringBuilder.AppendFormatHelper(IFormatProvider provider, String format, ParamsArray args)
   at System.String.FormatHelper(IFormatProvider provider, String format, ParamsArray args)
   at System.String.Format(String format, Object[] args)
   at BusinessLogic.Repositories.StudentRepository.Create(Student model) in C:\Freelance\SchoolAccountant\BusinessLogic\Repositories\StudentRepository.cs:line 64



2015-08-02 13:42:17,719 [1] INFO  BusinessLogic.AuditTrailRepository.cs  - Audit trail created




2015-08-02 13:42:25,083 [1] INFO  BusinessLogic.StudentRepository.cs  - Student Added




2015-08-02 14:05:25,971 [1] INFO  BusinessLogic.AuditTrailRepository.cs  - Audit trail created




2015-08-02 14:05:25,976 [1] INFO  BusinessLogic.StudentRepository.cs  - Student Added




2015-08-02 14:19:39,808 [1] INFO  BusinessLogic.AuditTrailRepository.cs  - Audit trail created




2015-08-02 14:19:39,814 [1] INFO  BusinessLogic.StudentRepository.cs  - Student Edited




2015-08-04 22:29:02,577 [1] INFO  BusinessLogic.AuditTrailRepository.cs  - Audit trail created




2015-08-04 22:29:03,926 [1] INFO  BusinessLogic.ClassTermFeeRepository.cs  - Fees added




2015-08-04 22:42:42,524 [1] INFO  BusinessLogic.AuditTrailRepository.cs  - Audit trail created




2015-08-04 22:42:42,524 [1] INFO  BusinessLogic.ClassTermFeeRepository.cs  - Fees deleted




2015-08-04 22:42:42,524 [1] INFO  BusinessLogic.AuditTrailRepository.cs  - Audit trail created




2015-08-04 22:42:42,524 [1] INFO  BusinessLogic.ClassTermFeeRepository.cs  - Fees deleted




2015-08-04 22:42:42,524 [1] INFO  BusinessLogic.AuditTrailRepository.cs  - Audit trail created




2015-08-04 22:42:42,524 [1] INFO  BusinessLogic.ClassTermFeeRepository.cs  - Fees deleted




2015-08-04 22:42:42,525 [1] INFO  BusinessLogic.AuditTrailRepository.cs  - Audit trail created




2015-08-04 22:42:42,525 [1] INFO  BusinessLogic.ClassTermFeeRepository.cs  - Fees deleted




2015-08-04 22:42:42,525 [1] INFO  BusinessLogic.AuditTrailRepository.cs  - Audit trail created




2015-08-04 22:42:42,525 [1] INFO  BusinessLogic.ClassTermFeeRepository.cs  - Fees deleted




2015-08-05 00:21:06,450 [1] INFO  BusinessLogic.AuditTrailRepository.cs  - Audit trail created




2015-08-05 00:21:06,456 [1] INFO  BusinessLogic.ClassTermFeeRepository.cs  - Fees added




2015-08-05 00:21:11,918 [1] INFO  BusinessLogic.AuditTrailRepository.cs  - Audit trail created




2015-08-05 00:21:11,918 [1] INFO  BusinessLogic.ClassTermFeeRepository.cs  - Fees reactivated




2015-08-05 00:21:11,922 [1] INFO  BusinessLogic.AuditTrailRepository.cs  - Audit trail created




2015-08-05 00:21:11,922 [1] INFO  BusinessLogic.ClassTermFeeRepository.cs  - Fees deleted




2015-08-05 00:21:11,922 [1] INFO  BusinessLogic.AuditTrailRepository.cs  - Audit trail created




2015-08-05 00:21:11,922 [1] INFO  BusinessLogic.ClassTermFeeRepository.cs  - Fees deleted




2015-08-05 00:21:11,922 [1] INFO  BusinessLogic.AuditTrailRepository.cs  - Audit trail created




2015-08-05 00:21:11,922 [1] INFO  BusinessLogic.ClassTermFeeRepository.cs  - Fees deleted




2015-08-05 00:21:11,923 [1] INFO  BusinessLogic.AuditTrailRepository.cs  - Audit trail created




2015-08-05 00:21:11,923 [1] INFO  BusinessLogic.ClassTermFeeRepository.cs  - Fees deleted




2015-08-07 00:48:05,251 [1] INFO  BusinessLogic.AuditTrailRepository.cs  - Audit trail created




2015-08-07 00:48:05,280 [1] INFO  BusinessLogic.ClassTermFeeRepository.cs  - Fees added




2015-08-07 00:52:37,964 [1] INFO  BusinessLogic.AuditTrailRepository.cs  - Audit trail created




2015-08-07 00:52:37,971 [1] INFO  BusinessLogic.ClassTermFeeRepository.cs  - Fees added




2015-08-07 00:52:40,427 [1] INFO  BusinessLogic.AuditTrailRepository.cs  - Audit trail created




2015-08-07 00:52:40,427 [1] INFO  BusinessLogic.ClassTermFeeRepository.cs  - Fees reactivated




2015-08-07 00:52:40,431 [1] INFO  BusinessLogic.AuditTrailRepository.cs  - Audit trail created




2015-08-07 00:52:40,431 [1] INFO  BusinessLogic.ClassTermFeeRepository.cs  - Fees deleted




2015-08-07 00:52:40,431 [1] INFO  BusinessLogic.AuditTrailRepository.cs  - Audit trail created




2015-08-07 00:52:40,431 [1] INFO  BusinessLogic.ClassTermFeeRepository.cs  - Fees deleted




2015-08-07 00:52:40,432 [1] INFO  BusinessLogic.AuditTrailRepository.cs  - Audit trail created




2015-08-07 00:52:40,432 [1] INFO  BusinessLogic.ClassTermFeeRepository.cs  - Fees deleted




2015-08-07 00:52:40,432 [1] INFO  BusinessLogic.AuditTrailRepository.cs  - Audit trail created




2015-08-07 00:52:40,432 [1] INFO  BusinessLogic.ClassTermFeeRepository.cs  - Fees deleted




2015-08-07 00:52:40,432 [1] INFO  BusinessLogic.AuditTrailRepository.cs  - Audit trail created




2015-08-07 00:52:40,432 [1] INFO  BusinessLogic.ClassTermFeeRepository.cs  - Fees deleted




2015-08-07 00:52:40,433 [1] INFO  BusinessLogic.AuditTrailRepository.cs  - Audit trail created




2015-08-07 00:52:40,433 [1] INFO  BusinessLogic.ClassTermFeeRepository.cs  - Fees deleted




2015-08-07 00:52:40,433 [1] INFO  BusinessLogic.AuditTrailRepository.cs  - Audit trail created




2015-08-07 00:52:40,433 [1] INFO  BusinessLogic.ClassTermFeeRepository.cs  - Fees deleted




2015-08-07 00:52:40,433 [1] INFO  BusinessLogic.AuditTrailRepository.cs  - Audit trail created




2015-08-07 00:52:40,433 [1] INFO  BusinessLogic.ClassTermFeeRepository.cs  - Fees deleted

